2025-11-07 10:44:40 [info] Server listening on port 3000
2025-11-07 10:44:40 [info] Conexión a la base de datos MySQL exitosa!
2025-11-07 10:45:02 [error] Not found: GET http://localhost:3000/favicon.ico
2025-11-07 10:47:49 [info] Server listening on port 3000
2025-11-07 10:47:49 [info] Conexión a la base de datos MySQL exitosa!
2025-11-07 10:47:54 [error] id no numerico
2025-11-07 10:54:56 [info] Server listening on port 3000
2025-11-07 10:54:56 [info] Conexión a la base de datos MySQL exitosa!
2025-11-07 10:59:09 [info] Server listening on port 3000
2025-11-07 10:59:10 [info] Conexión a la base de datos MySQL exitosa!
2025-11-07 11:42:18 [info] Server listening on port 3000
2025-11-07 11:42:18 [info] Conexión a la base de datos MySQL exitosa!
2025-11-07 11:44:39 [info] Server listening on port 3000
2025-11-07 11:44:39 [info] Conexión a la base de datos MySQL exitosa!
2025-11-07 11:49:42 [info] Server listening on port 3000
2025-11-07 11:49:42 [info] Conexión a la base de datos MySQL exitosa!
2025-11-07 11:53:28 [info] Server listening on port 3000
2025-11-07 11:53:28 [info] Conexión a la base de datos MySQL exitosa!
2025-11-07 11:54:10 [info] Server listening on port 3000
2025-11-07 11:54:10 [info] Conexión a la base de datos MySQL exitosa!
2025-11-07 11:54:44 [error] clienteId is not defined
2025-11-07 11:54:44 [error] ReferenceError: clienteId is not defined
    at updateById (D:\cursos\UNIR\Modulo5\proyectos\Practica08\src\controllers\authors.controller.js:53:46)
    at process.processTicksAndRejections (node:internal/process/task_queues:105:5)
2025-11-07 11:55:53 [error] clienteId is not defined
2025-11-07 11:55:53 [error] ReferenceError: clienteId is not defined
    at updateById (D:\cursos\UNIR\Modulo5\proyectos\Practica08\src\controllers\authors.controller.js:53:46)
    at process.processTicksAndRejections (node:internal/process/task_queues:105:5)
2025-11-07 11:57:00 [info] Server listening on port 3000
2025-11-07 11:57:00 [info] Conexión a la base de datos MySQL exitosa!
2025-11-07 11:58:44 [info] Server listening on port 3000
2025-11-07 11:58:44 [info] Conexión a la base de datos MySQL exitosa!
2025-11-07 11:59:42 [info] Server listening on port 3000
2025-11-07 11:59:42 [info] Conexión a la base de datos MySQL exitosa!
2025-11-07 12:00:19 [error] El id : lluis no es numérico
2025-11-07 12:00:28 [error] El id : 258 no localizado
2025-11-07 12:00:47 [error] El id : Lluis no es numérico
2025-11-07 12:00:52 [error] El id : 258 no localizado
2025-11-07 12:01:09 [error] El id : 258 no localizado
2025-11-07 12:01:15 [error] El id : Lluis no es numérico
2025-11-07 12:01:21 [error] AuthorModel.delete is not a function
2025-11-07 12:01:21 [error] TypeError: AuthorModel.delete is not a function
    at deleteById (D:\cursos\UNIR\Modulo5\proyectos\Practica08\src\controllers\authors.controller.js:75:40)
    at process.processTicksAndRejections (node:internal/process/task_queues:105:5)
2025-11-07 12:02:26 [info] Server listening on port 3000
2025-11-07 12:02:27 [info] Conexión a la base de datos MySQL exitosa!
2025-11-07 12:03:54 [info] Server listening on port 3000
2025-11-07 12:03:54 [info] Conexión a la base de datos MySQL exitosa!
2025-11-07 12:25:50 [info] Server listening on port 3000
2025-11-07 12:25:50 [info] Conexión a la base de datos MySQL exitosa!
2025-11-07 12:27:16 [info] Server listening on port 3000
2025-11-07 12:27:16 [info] Conexión a la base de datos MySQL exitosa!
2025-11-07 12:27:34 [info] Server listening on port 3000
2025-11-07 12:27:34 [info] Conexión a la base de datos MySQL exitosa!
2025-11-07 12:30:08 [info] Server listening on port 3000
2025-11-07 12:30:08 [info] Conexión a la base de datos MySQL exitosa!
2025-11-07 12:30:39 [info] Server listening on port 3000
2025-11-07 12:30:39 [info] Conexión a la base de datos MySQL exitosa!
2025-11-07 12:34:29 [info] Server listening on port 3000
2025-11-07 12:34:29 [info] Conexión a la base de datos MySQL exitosa!
2025-11-07 12:34:54 [info] Server listening on port 3000
2025-11-07 12:34:54 [info] Conexión a la base de datos MySQL exitosa!
2025-11-07 12:36:32 [info] Server listening on port 3000
2025-11-07 12:36:32 [info] Conexión a la base de datos MySQL exitosa!
2025-11-07 12:37:39 [info] Server listening on port 3000
2025-11-07 12:37:39 [info] Conexión a la base de datos MySQL exitosa!
2025-11-07 13:17:46 [info] Server listening on port 3000
2025-11-07 13:17:46 [info] Conexión a la base de datos MySQL exitosa!
2025-11-07 13:21:12 [info] Server listening on port 3000
2025-11-07 13:21:12 [info] Conexión a la base de datos MySQL exitosa!
2025-11-07 13:24:21 [info] Server listening on port 3000
2025-11-07 13:24:21 [info] Conexión a la base de datos MySQL exitosa!
2025-11-07 13:24:55 [info] Server listening on port 3000
2025-11-07 13:24:55 [info] Conexión a la base de datos MySQL exitosa!
2025-11-07 13:26:25 [info] Server listening on port 3000
2025-11-07 13:26:25 [info] Conexión a la base de datos MySQL exitosa!
2025-11-07 13:30:15 [info] Server listening on port 3000
2025-11-07 13:30:15 [info] Conexión a la base de datos MySQL exitosa!
2025-11-07 13:30:44 [info] Server listening on port 3000
2025-11-07 13:30:44 [info] Conexión a la base de datos MySQL exitosa!
2025-11-07 13:31:05 [info] Server listening on port 3000
2025-11-07 13:31:05 [info] Conexión a la base de datos MySQL exitosa!
2025-11-07 13:31:43 [info] Server listening on port 3000
2025-11-07 13:31:43 [info] Conexión a la base de datos MySQL exitosa!
2025-11-07 13:32:10 [info] Server listening on port 3000
2025-11-07 13:32:10 [info] Conexión a la base de datos MySQL exitosa!
2025-11-07 13:32:27 [info] Server listening on port 3000
2025-11-07 13:32:28 [info] Conexión a la base de datos MySQL exitosa!
2025-11-07 13:32:57 [info] Server listening on port 3000
2025-11-07 13:32:57 [info] Conexión a la base de datos MySQL exitosa!
2025-11-07 13:34:28 [info] Server listening on port 3000
2025-11-07 13:34:28 [info] Conexión a la base de datos MySQL exitosa!
2025-11-07 13:35:09 [info] Server listening on port 3000
2025-11-07 13:35:09 [info] Conexión a la base de datos MySQL exitosa!
2025-11-07 16:06:47 [info] Server listening on port 3000
2025-11-07 16:06:47 [info] Conexión a la base de datos MySQL exitosa!
2025-11-07 16:07:17 [error] El id : 258 no localizado
2025-11-07 16:07:25 [error] El id : 8 no localizado
2025-11-07 16:07:30 [error] El id : 9 no localizado
2025-11-07 16:09:41 [info] Server listening on port 3000
2025-11-07 16:09:41 [info] Conexión a la base de datos MySQL exitosa!
2025-11-07 16:11:13 [info] Server listening on port 3000
2025-11-07 16:11:13 [info] Conexión a la base de datos MySQL exitosa!
2025-11-07 16:16:02 [info] Server listening on port 3000
2025-11-07 16:16:02 [info] Conexión a la base de datos MySQL exitosa!
2025-11-07 16:19:00 [info] Server listening on port 3000
2025-11-07 16:19:00 [info] Conexión a la base de datos MySQL exitosa!
2025-11-07 16:21:13 [info] Server listening on port 3000
2025-11-07 16:21:13 [info] Conexión a la base de datos MySQL exitosa!
2025-11-07 16:21:27 [info] Server listening on port 3000
2025-11-07 16:21:27 [info] Conexión a la base de datos MySQL exitosa!
2025-11-07 16:21:46 [error] AutorModel.getById error: %s
2025-11-07 16:21:46 [error] ReferenceError: rows is not defined
    at AuthorModel.getById (D:\cursos\UNIR\Modulo5\proyectos\Practica08\src\models\author.model.js:17:7)
    at process.processTicksAndRejections (node:internal/process/task_queues:105:5)
    at async checkAuthorId (D:\cursos\UNIR\Modulo5\proyectos\Practica08\src\middlewares\authors.middlewares.js:13:20)
2025-11-07 16:22:25 [info] Server listening on port 3000
2025-11-07 16:22:25 [info] Conexión a la base de datos MySQL exitosa!
2025-11-07 16:23:06 [info] Server listening on port 3000
2025-11-07 16:23:06 [info] Conexión a la base de datos MySQL exitosa!
2025-11-07 16:26:42 [info] Server listening on port 3000
2025-11-07 16:26:42 [info] Conexión a la base de datos MySQL exitosa!
2025-11-07 16:27:09 [error] El id : 258 no localizado
2025-11-07 16:27:15 [error] El id : lluis no es numérico
2025-11-07 16:32:56 [info] Server listening on port 3000
2025-11-07 16:32:56 [info] Conexión a la base de datos MySQL exitosa!
2025-11-07 16:34:07 [info] Server listening on port 3000
2025-11-07 16:34:08 [info] Conexión a la base de datos MySQL exitosa!
2025-11-07 16:48:40 [error] TypeError: PostModel.getById is not a function
    at checkPostId (D:\cursos\UNIR\Modulo5\proyectos\Practica08\src\middlewares\posts.middlewares.js:13:34)
    at Layer.handleRequest (D:\cursos\UNIR\Modulo5\proyectos\Practica08\node_modules\router\lib\layer.js:152:17)
    at next (D:\cursos\UNIR\Modulo5\proyectos\Practica08\node_modules\router\lib\route.js:157:13)
    at Route.dispatch (D:\cursos\UNIR\Modulo5\proyectos\Practica08\node_modules\router\lib\route.js:117:3)
    at handle (D:\cursos\UNIR\Modulo5\proyectos\Practica08\node_modules\router\index.js:435:11)
    at Layer.handleRequest (D:\cursos\UNIR\Modulo5\proyectos\Practica08\node_modules\router\lib\layer.js:152:17)
    at D:\cursos\UNIR\Modulo5\proyectos\Practica08\node_modules\router\index.js:295:15
    at param (D:\cursos\UNIR\Modulo5\proyectos\Practica08\node_modules\router\index.js:600:14)
    at param (D:\cursos\UNIR\Modulo5\proyectos\Practica08\node_modules\router\index.js:610:14)
    at processParams (D:\cursos\UNIR\Modulo5\proyectos\Practica08\node_modules\router\index.js:664:3)
2025-11-07 16:48:46 [error] TypeError: PostModel.getById is not a function
    at checkPostId (D:\cursos\UNIR\Modulo5\proyectos\Practica08\src\middlewares\posts.middlewares.js:13:34)
    at Layer.handleRequest (D:\cursos\UNIR\Modulo5\proyectos\Practica08\node_modules\router\lib\layer.js:152:17)
    at next (D:\cursos\UNIR\Modulo5\proyectos\Practica08\node_modules\router\lib\route.js:157:13)
    at Route.dispatch (D:\cursos\UNIR\Modulo5\proyectos\Practica08\node_modules\router\lib\route.js:117:3)
    at handle (D:\cursos\UNIR\Modulo5\proyectos\Practica08\node_modules\router\index.js:435:11)
    at Layer.handleRequest (D:\cursos\UNIR\Modulo5\proyectos\Practica08\node_modules\router\lib\layer.js:152:17)
    at D:\cursos\UNIR\Modulo5\proyectos\Practica08\node_modules\router\index.js:295:15
    at param (D:\cursos\UNIR\Modulo5\proyectos\Practica08\node_modules\router\index.js:600:14)
    at param (D:\cursos\UNIR\Modulo5\proyectos\Practica08\node_modules\router\index.js:610:14)
    at processParams (D:\cursos\UNIR\Modulo5\proyectos\Practica08\node_modules\router\index.js:664:3)
2025-11-07 16:53:22 [info] Server listening on port 3000
2025-11-07 16:53:22 [info] Conexión a la base de datos MySQL exitosa!
2025-11-07 16:55:04 [info] Server listening on port 3000
2025-11-07 16:55:04 [info] Conexión a la base de datos MySQL exitosa!
2025-11-07 16:55:15 [error] TypeError: PostModel.getById is not a function
    at checkPostId (D:\cursos\UNIR\Modulo5\proyectos\Practica08\src\middlewares\posts.middlewares.js:13:34)
    at Layer.handleRequest (D:\cursos\UNIR\Modulo5\proyectos\Practica08\node_modules\router\lib\layer.js:152:17)
    at next (D:\cursos\UNIR\Modulo5\proyectos\Practica08\node_modules\router\lib\route.js:157:13)
    at Route.dispatch (D:\cursos\UNIR\Modulo5\proyectos\Practica08\node_modules\router\lib\route.js:117:3)
    at handle (D:\cursos\UNIR\Modulo5\proyectos\Practica08\node_modules\router\index.js:435:11)
    at Layer.handleRequest (D:\cursos\UNIR\Modulo5\proyectos\Practica08\node_modules\router\lib\layer.js:152:17)
    at D:\cursos\UNIR\Modulo5\proyectos\Practica08\node_modules\router\index.js:295:15
    at param (D:\cursos\UNIR\Modulo5\proyectos\Practica08\node_modules\router\index.js:600:14)
    at param (D:\cursos\UNIR\Modulo5\proyectos\Practica08\node_modules\router\index.js:610:14)
    at processParams (D:\cursos\UNIR\Modulo5\proyectos\Practica08\node_modules\router\index.js:664:3)
2025-11-07 16:57:06 [info] Server listening on port 3000
2025-11-07 16:57:06 [info] Conexión a la base de datos MySQL exitosa!
2025-11-07 16:57:15 [error] getByIdWithAuthor error: %s
2025-11-07 16:57:15 [error] ReferenceError: r is not defined
    at PostModel.getByIdWithAuthor (D:\cursos\UNIR\Modulo5\proyectos\Practica08\src\models\post.model.js:67:13)
    at process.processTicksAndRejections (node:internal/process/task_queues:105:5)
    at async checkPostId (D:\cursos\UNIR\Modulo5\proyectos\Practica08\src\middlewares\posts.middlewares.js:13:18)
2025-11-07 16:59:17 [info] Server listening on port 3000
2025-11-07 16:59:17 [info] Conexión a la base de datos MySQL exitosa!
2025-11-07 17:00:09 [info] Server listening on port 3000
2025-11-07 17:00:10 [info] Conexión a la base de datos MySQL exitosa!
2025-11-07 17:02:33 [info] Server listening on port 3000
2025-11-07 17:02:33 [info] Conexión a la base de datos MySQL exitosa!
2025-11-07 17:03:33 [info] Server listening on port 3000
2025-11-07 17:03:33 [info] Conexión a la base de datos MySQL exitosa!
2025-11-07 17:04:21 [info] Server listening on port 3000
2025-11-07 17:04:21 [info] Conexión a la base de datos MySQL exitosa!
2025-11-07 17:05:14 [info] Server listening on port 3000
2025-11-07 17:05:14 [info] Conexión a la base de datos MySQL exitosa!
2025-11-07 17:05:38 [info] Server listening on port 3000
2025-11-07 17:05:38 [info] Conexión a la base de datos MySQL exitosa!
2025-11-07 17:07:19 [info] Server listening on port 3000
2025-11-07 17:07:19 [info] Conexión a la base de datos MySQL exitosa!
2025-11-07 17:10:43 [info] Server listening on port 3000
2025-11-07 17:10:44 [info] Conexión a la base de datos MySQL exitosa!
2025-11-07 17:30:37 [error] PostModel.create error: %s
2025-11-07 17:30:37 [error] Error: Unknown column 'categoria' in 'field list'
    at PromisePool.query (D:\cursos\UNIR\Modulo5\proyectos\Practica08\node_modules\mysql2\lib\promise\pool.js:36:22)
    at PostModel.create (D:\cursos\UNIR\Modulo5\proyectos\Practica08\src\models\post.model.js:91:35)
    at create (D:\cursos\UNIR\Modulo5\proyectos\Practica08\src\controllers\posts.controller.js:69:37)
    at process.processTicksAndRejections (node:internal/process/task_queues:105:5)
2025-11-07 17:31:30 [info] Server listening on port 3000
2025-11-07 17:31:30 [info] Conexión a la base de datos MySQL exitosa!
2025-11-07 17:31:40 [error] PostModel.create error: %s
2025-11-07 17:31:40 [error] Error: Column 'categoria_id' cannot be null
    at PromisePool.query (D:\cursos\UNIR\Modulo5\proyectos\Practica08\node_modules\mysql2\lib\promise\pool.js:36:22)
    at PostModel.create (D:\cursos\UNIR\Modulo5\proyectos\Practica08\src\models\post.model.js:91:35)
    at create (D:\cursos\UNIR\Modulo5\proyectos\Practica08\src\controllers\posts.controller.js:69:37)
    at process.processTicksAndRejections (node:internal/process/task_queues:105:5)
2025-11-07 17:33:15 [info] Server listening on port 3000
2025-11-07 17:33:15 [info] Conexión a la base de datos MySQL exitosa!
2025-11-07 17:33:23 [error] PostModel.create error: %s
2025-11-07 17:33:23 [error] Error: Column 'categoria_id' cannot be null
    at PromisePool.query (D:\cursos\UNIR\Modulo5\proyectos\Practica08\node_modules\mysql2\lib\promise\pool.js:36:22)
    at PostModel.create (D:\cursos\UNIR\Modulo5\proyectos\Practica08\src\models\post.model.js:97:35)
    at create (D:\cursos\UNIR\Modulo5\proyectos\Practica08\src\controllers\posts.controller.js:69:37)
    at process.processTicksAndRejections (node:internal/process/task_queues:105:5)
2025-11-07 17:34:21 [info] Server listening on port 3000
2025-11-07 17:34:21 [info] Conexión a la base de datos MySQL exitosa!
2025-11-07 17:34:27 [error] PostModel.create error: %s
2025-11-07 17:34:27 [error] Error: Field 'imagen' doesn't have a default value
    at PromisePool.query (D:\cursos\UNIR\Modulo5\proyectos\Practica08\node_modules\mysql2\lib\promise\pool.js:36:22)
    at PostModel.create (D:\cursos\UNIR\Modulo5\proyectos\Practica08\src\models\post.model.js:97:35)
    at create (D:\cursos\UNIR\Modulo5\proyectos\Practica08\src\controllers\posts.controller.js:71:37)
    at process.processTicksAndRejections (node:internal/process/task_queues:105:5)
2025-11-07 17:37:33 [info] Server listening on port 3000
2025-11-07 17:37:33 [info] Conexión a la base de datos MySQL exitosa!
2025-11-07 17:38:02 [info] Server listening on port 3000
2025-11-07 17:38:02 [info] Conexión a la base de datos MySQL exitosa!
2025-11-07 17:38:18 [error] PostModel.create error: %s
2025-11-07 17:38:18 [error] Field 'imagen' doesn't have a default value
2025-11-07 17:38:18 [error] Error: Field 'imagen' doesn't have a default value
    at PromisePool.query (D:\cursos\UNIR\Modulo5\proyectos\Practica08\node_modules\mysql2\lib\promise\pool.js:36:22)
    at PostModel.create (D:\cursos\UNIR\Modulo5\proyectos\Practica08\src\models\post.model.js:97:35)
    at create (D:\cursos\UNIR\Modulo5\proyectos\Practica08\src\controllers\posts.controller.js:69:36)
    at process.processTicksAndRejections (node:internal/process/task_queues:105:5)
2025-11-07 17:41:34 [info] Server listening on port 3000
2025-11-07 17:41:34 [info] Conexión a la base de datos MySQL exitosa!
2025-11-07 17:42:03 [error] err is not defined
2025-11-07 17:42:03 [error] ReferenceError: err is not defined
    at PostModel.create (D:\cursos\UNIR\Modulo5\proyectos\Practica08\src\models\post.model.js:106:50)
    at process.processTicksAndRejections (node:internal/process/task_queues:105:5)
    at async create (D:\cursos\UNIR\Modulo5\proyectos\Practica08\src\controllers\posts.controller.js:69:20)
2025-11-07 17:44:01 [info] Server listening on port 3000
2025-11-07 17:44:01 [info] Conexión a la base de datos MySQL exitosa!
2025-11-07 17:44:04 [error] PostModel.create error: %s
2025-11-07 17:44:04 [error] Field 'imagen' doesn't have a default value
2025-11-07 17:44:04 [error] Error: Field 'imagen' doesn't have a default value
    at PromisePool.query (D:\cursos\UNIR\Modulo5\proyectos\Practica08\node_modules\mysql2\lib\promise\pool.js:36:22)
    at PostModel.create (D:\cursos\UNIR\Modulo5\proyectos\Practica08\src\models\post.model.js:97:35)
    at create (D:\cursos\UNIR\Modulo5\proyectos\Practica08\src\controllers\posts.controller.js:69:36)
    at process.processTicksAndRejections (node:internal/process/task_queues:105:5)
2025-11-07 17:46:02 [info] Server listening on port 3000
2025-11-07 17:46:02 [info] Conexión a la base de datos MySQL exitosa!
2025-11-07 17:46:09 [error] PostModel.create error: %s
2025-11-07 17:46:09 [error] Field 'imagen' doesn't have a default value
2025-11-07 17:46:09 [error] Error: Field 'imagen' doesn't have a default value
    at PromisePool.query (D:\cursos\UNIR\Modulo5\proyectos\Practica08\node_modules\mysql2\lib\promise\pool.js:36:22)
    at PostModel.create (D:\cursos\UNIR\Modulo5\proyectos\Practica08\src\models\post.model.js:92:35)
    at create (D:\cursos\UNIR\Modulo5\proyectos\Practica08\src\controllers\posts.controller.js:69:36)
    at process.processTicksAndRejections (node:internal/process/task_queues:105:5)
2025-11-07 17:49:10 [error] Not found: PUT http://localhost:3000/api/posts/2
2025-11-07 17:53:27 [info] Server listening on port 3000
2025-11-07 17:53:27 [info] Conexión a la base de datos MySQL exitosa!
2025-11-07 17:53:55 [info] Server listening on port 3000
2025-11-07 17:53:55 [info] Conexión a la base de datos MySQL exitosa!
2025-11-07 17:55:03 [info] Server listening on port 3000
2025-11-07 17:55:03 [info] Conexión a la base de datos MySQL exitosa!
2025-11-07 17:56:11 [info] Server listening on port 3000
2025-11-07 17:56:11 [info] Conexión a la base de datos MySQL exitosa!
2025-11-07 17:56:16 [error] Cannot read properties of undefined (reading 'postId')
2025-11-07 17:56:16 [error] next is not a function
2025-11-07 17:56:16 [error] TypeError: next is not a function
    at getById (D:\cursos\UNIR\Modulo5\proyectos\Practica08\src\controllers\posts.controller.js:56:5)
    at create (D:\cursos\UNIR\Modulo5\proyectos\Practica08\src\controllers\posts.controller.js:70:26)
    at process.processTicksAndRejections (node:internal/process/task_queues:105:5)
2025-11-07 17:57:37 [info] Server listening on port 3000
2025-11-07 17:57:37 [info] Conexión a la base de datos MySQL exitosa!
2025-11-07 17:57:58 [error] Cannot read properties of undefined (reading 'postId')
2025-11-07 17:57:58 [error] next is not a function
2025-11-07 17:57:58 [error] TypeError: next is not a function
    at getById (D:\cursos\UNIR\Modulo5\proyectos\Practica08\src\controllers\posts.controller.js:56:5)
    at create (D:\cursos\UNIR\Modulo5\proyectos\Practica08\src\controllers\posts.controller.js:70:26)
    at process.processTicksAndRejections (node:internal/process/task_queues:105:5)
2025-11-07 17:59:52 [info] Server listening on port 3000
2025-11-07 17:59:53 [info] Conexión a la base de datos MySQL exitosa!
2025-11-07 18:00:35 [info] Server listening on port 3000
2025-11-07 18:00:35 [info] Conexión a la base de datos MySQL exitosa!
2025-11-07 18:02:29 [info] Server listening on port 3000
2025-11-07 18:02:29 [info] Conexión a la base de datos MySQL exitosa!
2025-11-07 18:03:45 [error] Not found: PUT http://localhost:3000/api/posts/2
2025-11-07 18:03:59 [error] Cannot destructure property 'titulo' of 'req.body' as it is undefined.
2025-11-07 18:03:59 [error] TypeError: Cannot destructure property 'titulo' of 'req.body' as it is undefined.
    at create (D:\cursos\UNIR\Modulo5\proyectos\Practica08\src\controllers\posts.controller.js:65:13)
    at Layer.handleRequest (D:\cursos\UNIR\Modulo5\proyectos\Practica08\node_modules\router\lib\layer.js:152:17)
    at next (D:\cursos\UNIR\Modulo5\proyectos\Practica08\node_modules\router\lib\route.js:157:13)
    at checkPostId (D:\cursos\UNIR\Modulo5\proyectos\Practica08\src\middlewares\posts.middlewares.js:18:5)
    at process.processTicksAndRejections (node:internal/process/task_queues:105:5)
2025-11-07 18:05:24 [error] Not found: PUT http://localhost:3000/api/posts/15
2025-11-07 18:10:22 [info] Server listening on port 3000
2025-11-07 18:10:22 [info] Conexión a la base de datos MySQL exitosa!
2025-11-07 18:15:37 [info] Server listening on port 3000
2025-11-07 18:15:37 [info] Conexión a la base de datos MySQL exitosa!
2025-11-07 18:16:01 [info] Server listening on port 3000
2025-11-07 18:16:01 [info] Conexión a la base de datos MySQL exitosa!
2025-11-07 18:17:22 [info] Server listening on port 3000
2025-11-07 18:17:22 [info] Conexión a la base de datos MySQL exitosa!
2025-11-07 18:17:30 [info] Server listening on port 3000
2025-11-07 18:17:30 [info] Conexión a la base de datos MySQL exitosa!
2025-11-07 18:17:36 [error] El id : 12 no localizado
