2025-11-06 17:19:02 [info] Server listening on port 3000
2025-11-06 17:19:03 [info] Conexión a la base de datos MySQL exitosa!
2025-11-06 17:23:06 [info] Server listening on port 3000
2025-11-06 17:23:06 [info] Conexión a la base de datos MySQL exitosa!
2025-11-06 17:25:38 [info] Server listening on port 3000
2025-11-06 17:25:38 [info] Conexión a la base de datos MySQL exitosa!
2025-11-06 17:26:22 [info] Server listening on port 3000
2025-11-06 17:26:22 [info] Conexión a la base de datos MySQL exitosa!
2025-11-06 17:27:47 [info] Server listening on port 3000
2025-11-06 17:27:47 [info] Conexión a la base de datos MySQL exitosa!
2025-11-06 17:36:58 [info] Server listening on port 3000
2025-11-06 17:36:58 [info] Conexión a la base de datos MySQL exitosa!
2025-11-06 17:37:05 [info] Server listening on port 3000
2025-11-06 17:37:05 [info] Conexión a la base de datos MySQL exitosa!
2025-11-06 17:39:36 [info] Server listening on port 3000
2025-11-06 17:39:36 [info] Conexión a la base de datos MySQL exitosa!
2025-11-06 17:40:26 [info] Server listening on port 3000
2025-11-06 17:40:26 [info] Conexión a la base de datos MySQL exitosa!
2025-11-06 17:42:45 [info] Server listening on port 3000
2025-11-06 17:42:45 [info] Conexión a la base de datos MySQL exitosa!
2025-11-06 17:44:23 [info] Server listening on port 3000
2025-11-06 17:44:23 [info] Conexión a la base de datos MySQL exitosa!
2025-11-06 17:53:03 [info] Server listening on port 3000
2025-11-06 17:53:03 [info] Conexión a la base de datos MySQL exitosa!
2025-11-06 17:53:51 [info] Server listening on port 3000
2025-11-06 17:53:51 [info] Conexión a la base de datos MySQL exitosa!
2025-11-06 17:55:10 [info] Server listening on port 3000
2025-11-06 17:55:10 [info] Conexión a la base de datos MySQL exitosa!
2025-11-06 17:55:33 [info] Server listening on port 3000
2025-11-06 17:55:33 [info] Conexión a la base de datos MySQL exitosa!
2025-11-06 17:56:02 [info] Server listening on port 3000
2025-11-06 17:56:03 [info] Conexión a la base de datos MySQL exitosa!
2025-11-06 17:56:33 [info] Server listening on port 3000
2025-11-06 17:56:33 [info] Conexión a la base de datos MySQL exitosa!
2025-11-06 17:57:13 [info] Server listening on port 3000
2025-11-06 17:57:14 [info] Conexión a la base de datos MySQL exitosa!
2025-11-06 17:58:36 [error] No database selected
2025-11-06 17:58:36 [error] Error: No database selected
    at PromisePool.query (D:\cursos\UNIR\Modulo5\proyectos\Practica08\node_modules\mysql2\lib\promise\pool.js:36:22)
    at AuthorModel.getCount (D:\cursos\UNIR\Modulo5\proyectos\Practica08\src\models\base.model.js:23:31)
    at AuthorModel.getPaginated (D:\cursos\UNIR\Modulo5\proyectos\Practica08\src\models\base.model.js:30:30)
    at getAll (D:\cursos\UNIR\Modulo5\proyectos\Practica08\src\controllers\authors.controller.js:7:38)
    at Layer.handleRequest (D:\cursos\UNIR\Modulo5\proyectos\Practica08\node_modules\router\lib\layer.js:152:17)
    at next (D:\cursos\UNIR\Modulo5\proyectos\Practica08\node_modules\router\lib\route.js:157:13)
    at Route.dispatch (D:\cursos\UNIR\Modulo5\proyectos\Practica08\node_modules\router\lib\route.js:117:3)
    at handle (D:\cursos\UNIR\Modulo5\proyectos\Practica08\node_modules\router\index.js:435:11)
    at Layer.handleRequest (D:\cursos\UNIR\Modulo5\proyectos\Practica08\node_modules\router\lib\layer.js:152:17)
    at D:\cursos\UNIR\Modulo5\proyectos\Practica08\node_modules\router\index.js:295:15
2025-11-06 18:01:50 [info] Server listening on port 3000
2025-11-06 18:01:50 [info] Conexión a la base de datos MySQL exitosa!
2025-11-06 18:02:06 [error] No database selected
2025-11-06 18:02:06 [error] Error: No database selected
    at PromisePool.query (D:\cursos\UNIR\Modulo5\proyectos\Practica08\node_modules\mysql2\lib\promise\pool.js:36:22)
    at AuthorModel.getCount (D:\cursos\UNIR\Modulo5\proyectos\Practica08\src\models\base.model.js:23:31)
    at AuthorModel.getPaginated (D:\cursos\UNIR\Modulo5\proyectos\Practica08\src\models\base.model.js:30:30)
    at getAll (D:\cursos\UNIR\Modulo5\proyectos\Practica08\src\controllers\authors.controller.js:7:38)
    at Layer.handleRequest (D:\cursos\UNIR\Modulo5\proyectos\Practica08\node_modules\router\lib\layer.js:152:17)
    at next (D:\cursos\UNIR\Modulo5\proyectos\Practica08\node_modules\router\lib\route.js:157:13)
    at Route.dispatch (D:\cursos\UNIR\Modulo5\proyectos\Practica08\node_modules\router\lib\route.js:117:3)
    at handle (D:\cursos\UNIR\Modulo5\proyectos\Practica08\node_modules\router\index.js:435:11)
    at Layer.handleRequest (D:\cursos\UNIR\Modulo5\proyectos\Practica08\node_modules\router\lib\layer.js:152:17)
    at D:\cursos\UNIR\Modulo5\proyectos\Practica08\node_modules\router\index.js:295:15
2025-11-06 18:03:33 [info] Server listening on port 3000
2025-11-06 18:03:33 [info] Conexión a la base de datos MySQL exitosa!
2025-11-06 18:05:12 [error] TypeError: AuthorModel.findById is not a function
    at getById (D:\cursos\UNIR\Modulo5\proyectos\Practica08\src\controllers\authors.controller.js:17:37)
    at Layer.handleRequest (D:\cursos\UNIR\Modulo5\proyectos\Practica08\node_modules\router\lib\layer.js:152:17)
    at next (D:\cursos\UNIR\Modulo5\proyectos\Practica08\node_modules\router\lib\route.js:157:13)
    at Route.dispatch (D:\cursos\UNIR\Modulo5\proyectos\Practica08\node_modules\router\lib\route.js:117:3)
    at handle (D:\cursos\UNIR\Modulo5\proyectos\Practica08\node_modules\router\index.js:435:11)
    at Layer.handleRequest (D:\cursos\UNIR\Modulo5\proyectos\Practica08\node_modules\router\lib\layer.js:152:17)
    at D:\cursos\UNIR\Modulo5\proyectos\Practica08\node_modules\router\index.js:295:15
    at param (D:\cursos\UNIR\Modulo5\proyectos\Practica08\node_modules\router\index.js:600:14)
    at param (D:\cursos\UNIR\Modulo5\proyectos\Practica08\node_modules\router\index.js:610:14)
    at processParams (D:\cursos\UNIR\Modulo5\proyectos\Practica08\node_modules\router\index.js:664:3)
2025-11-06 18:06:21 [info] Server listening on port 3000
2025-11-06 18:06:21 [info] Conexión a la base de datos MySQL exitosa!
2025-11-06 18:06:27 [info] Entro en author.model.js getById pasandole undefined
2025-11-06 18:06:48 [info] Server listening on port 3000
2025-11-06 18:06:48 [info] Conexión a la base de datos MySQL exitosa!
