2025-11-07 10:45:02 [error] Not found: GET http://localhost:3000/favicon.ico
2025-11-07 10:47:54 [error] id no numerico
2025-11-07 11:54:44 [error] clienteId is not defined
2025-11-07 11:54:44 [error] ReferenceError: clienteId is not defined
    at updateById (D:\cursos\UNIR\Modulo5\proyectos\Practica08\src\controllers\authors.controller.js:53:46)
    at process.processTicksAndRejections (node:internal/process/task_queues:105:5)
2025-11-07 11:55:53 [error] clienteId is not defined
2025-11-07 11:55:53 [error] ReferenceError: clienteId is not defined
    at updateById (D:\cursos\UNIR\Modulo5\proyectos\Practica08\src\controllers\authors.controller.js:53:46)
    at process.processTicksAndRejections (node:internal/process/task_queues:105:5)
2025-11-07 12:00:19 [error] El id : lluis no es numérico
2025-11-07 12:00:28 [error] El id : 258 no localizado
2025-11-07 12:00:47 [error] El id : Lluis no es numérico
2025-11-07 12:00:52 [error] El id : 258 no localizado
2025-11-07 12:01:09 [error] El id : 258 no localizado
2025-11-07 12:01:15 [error] El id : Lluis no es numérico
2025-11-07 12:01:21 [error] AuthorModel.delete is not a function
2025-11-07 12:01:21 [error] TypeError: AuthorModel.delete is not a function
    at deleteById (D:\cursos\UNIR\Modulo5\proyectos\Practica08\src\controllers\authors.controller.js:75:40)
    at process.processTicksAndRejections (node:internal/process/task_queues:105:5)
