2025-11-06 17:14:28 [error] [object Object]
2025-11-06 17:15:59 [error] Not found: GET /ad
2025-11-06 17:17:58 [error] Not found: GET http://localhost:3000/ad
2025-11-06 17:58:36 [error] No database selected
2025-11-06 17:58:36 [error] Error: No database selected
    at PromisePool.query (D:\cursos\UNIR\Modulo5\proyectos\Practica08\node_modules\mysql2\lib\promise\pool.js:36:22)
    at AuthorModel.getCount (D:\cursos\UNIR\Modulo5\proyectos\Practica08\src\models\base.model.js:23:31)
    at AuthorModel.getPaginated (D:\cursos\UNIR\Modulo5\proyectos\Practica08\src\models\base.model.js:30:30)
    at getAll (D:\cursos\UNIR\Modulo5\proyectos\Practica08\src\controllers\authors.controller.js:7:38)
    at Layer.handleRequest (D:\cursos\UNIR\Modulo5\proyectos\Practica08\node_modules\router\lib\layer.js:152:17)
    at next (D:\cursos\UNIR\Modulo5\proyectos\Practica08\node_modules\router\lib\route.js:157:13)
    at Route.dispatch (D:\cursos\UNIR\Modulo5\proyectos\Practica08\node_modules\router\lib\route.js:117:3)
    at handle (D:\cursos\UNIR\Modulo5\proyectos\Practica08\node_modules\router\index.js:435:11)
    at Layer.handleRequest (D:\cursos\UNIR\Modulo5\proyectos\Practica08\node_modules\router\lib\layer.js:152:17)
    at D:\cursos\UNIR\Modulo5\proyectos\Practica08\node_modules\router\index.js:295:15
2025-11-06 18:02:06 [error] No database selected
2025-11-06 18:02:06 [error] Error: No database selected
    at PromisePool.query (D:\cursos\UNIR\Modulo5\proyectos\Practica08\node_modules\mysql2\lib\promise\pool.js:36:22)
    at AuthorModel.getCount (D:\cursos\UNIR\Modulo5\proyectos\Practica08\src\models\base.model.js:23:31)
    at AuthorModel.getPaginated (D:\cursos\UNIR\Modulo5\proyectos\Practica08\src\models\base.model.js:30:30)
    at getAll (D:\cursos\UNIR\Modulo5\proyectos\Practica08\src\controllers\authors.controller.js:7:38)
    at Layer.handleRequest (D:\cursos\UNIR\Modulo5\proyectos\Practica08\node_modules\router\lib\layer.js:152:17)
    at next (D:\cursos\UNIR\Modulo5\proyectos\Practica08\node_modules\router\lib\route.js:157:13)
    at Route.dispatch (D:\cursos\UNIR\Modulo5\proyectos\Practica08\node_modules\router\lib\route.js:117:3)
    at handle (D:\cursos\UNIR\Modulo5\proyectos\Practica08\node_modules\router\index.js:435:11)
    at Layer.handleRequest (D:\cursos\UNIR\Modulo5\proyectos\Practica08\node_modules\router\lib\layer.js:152:17)
    at D:\cursos\UNIR\Modulo5\proyectos\Practica08\node_modules\router\index.js:295:15
2025-11-06 18:05:12 [error] TypeError: AuthorModel.findById is not a function
    at getById (D:\cursos\UNIR\Modulo5\proyectos\Practica08\src\controllers\authors.controller.js:17:37)
    at Layer.handleRequest (D:\cursos\UNIR\Modulo5\proyectos\Practica08\node_modules\router\lib\layer.js:152:17)
    at next (D:\cursos\UNIR\Modulo5\proyectos\Practica08\node_modules\router\lib\route.js:157:13)
    at Route.dispatch (D:\cursos\UNIR\Modulo5\proyectos\Practica08\node_modules\router\lib\route.js:117:3)
    at handle (D:\cursos\UNIR\Modulo5\proyectos\Practica08\node_modules\router\index.js:435:11)
    at Layer.handleRequest (D:\cursos\UNIR\Modulo5\proyectos\Practica08\node_modules\router\lib\layer.js:152:17)
    at D:\cursos\UNIR\Modulo5\proyectos\Practica08\node_modules\router\index.js:295:15
    at param (D:\cursos\UNIR\Modulo5\proyectos\Practica08\node_modules\router\index.js:600:14)
    at param (D:\cursos\UNIR\Modulo5\proyectos\Practica08\node_modules\router\index.js:610:14)
    at processParams (D:\cursos\UNIR\Modulo5\proyectos\Practica08\node_modules\router\index.js:664:3)
2025-11-06 18:39:03 [error] ReferenceError: ClientesModel is not defined
    at create (D:\cursos\UNIR\Modulo5\proyectos\Practica08\src\controllers\authors.controller.js:30:20)
    at process.processTicksAndRejections (node:internal/process/task_queues:105:5)
